<?xml version="1.0" encoding="UTF-8"?>
<testsuites name="TS_Amazon_CategorySearch_002" time="122.438" tests="3" failures="0" errors="0">
   <testsuite name="TS_Amazon_CategorySearch_002" tests="3" failures="0" errors="0" time="122.438" skipped="0" timestamp="25-01-2024T17:18:35" hostname="akash - LAPTOP-GQIN8V4C" id="Test Suites/Amazon_TestSuite/TS_Amazon_CategorySearch_002">
      <properties>
         <property name="deviceName" value=""/>
         <property name="devicePlatform" value=""/>
         <property name="logFolder" value="C:\\Users\\akash\\Katalon Studio\\Amazon_Project_Software_Automation_Testing\\Reports\\20240125_171828\\Amazon_TestSuite\\TS_Amazon_CategorySearch_002\\20240125_171828"/>
         <property name="logFiles" value="C:\\Users\\akash\\Katalon Studio\\Amazon_Project_Software_Automation_Testing\\Reports\\20240125_171828\\Amazon_TestSuite\\TS_Amazon_CategorySearch_002\\20240125_171828\\execution0.log"/>
         <property name="attachments" value="C:\\Users\\akash\\Katalon Studio\\Amazon_Project_Software_Automation_Testing\\Reports\\20240125_171828\\Amazon_TestSuite\\TS_Amazon_CategorySearch_002\\20240125_171828\\1706183366657.png"/>
         <property name="hostName" value="akash - LAPTOP-GQIN8V4C"/>
         <property name="os" value="Windows 11 64bit"/>
         <property name="katalonVersion" value="9.2.0.212"/>
         <property name="browser" value="Chrome 120.0.0.0"/>
         <property name="hostAddress" value="192.168.205.213"/>
         <property name="sessionId" value="f97101490682f34df0bcfb27a29f8d1a"/>
         <property name="seleniumVersion" value="3.141.59"/>
         <property name="proxyInformation" value="ProxyInformation { proxyOption=NO_PROXY, proxyServerType=HTTP, username=, password=********, proxyServerAddress=, proxyServerPort=0, executionList=&quot;&quot;, isApplyToDesiredCapabilities=true }"/>
         <property name="platform" value="Windows 11"/>
      </properties>
      <testcase name="Test Cases/Amazon_Category_Search_Page/TC_Amaazon_Home_002" time="31.956" classname="Test Cases/Amazon_Category_Search_Page/TC_Amaazon_Home_002" status="PASSED">
         <system-out><![CDATA[25-01-2024T17:18:35 - [TEST_CASE][PASSED] - Test Cases/Amazon_Category_Search_Page/TC_Amaazon_Home_002: Test Cases/Amazon_Category_Search_Page/TC_Amaazon_Home_002

25-01-2024T17:18:35 - [TEST_STEP][PASSED] - openBrowser(""): Browser is opened with url: ''

25-01-2024T17:18:35 - [MESSAGE][INFO] - Starting 'Chrome' driver

25-01-2024T17:18:35 - [MESSAGE][INFO] - Action delay is set to 0 milliseconds

25-01-2024T17:18:38 - [MESSAGE][PASSED] - Browser is opened with url: ''

25-01-2024T17:18:38 - [TEST_STEP][PASSED] - navigateToUrl("https://www.amazon.com/"): Navigate to 'https://www.amazon.com/' successfully

25-01-2024T17:18:38 - [MESSAGE][PASSED] - Navigate to 'https://www.amazon.com/' successfully

25-01-2024T17:18:38 - [TEST_STEP][PASSED] - setText(findTestObject("Object Repository/Amazon_Category_Search_OR/Page_Amazon.com/input_field-keywords"), "BGLXFM"): Text 'BGLXFM' is set on object 'Object Repository/Amazon_Category_Search_OR/Page_Amazon.com/input_field-keywords'

25-01-2024T17:18:42 - [MESSAGE][PASSED] - Text 'BGLXFM' is set on object 'Object Repository/Amazon_Category_Search_OR/Page_Amazon.com/input_field-keywords'

25-01-2024T17:18:42 - [TEST_STEP][PASSED] - click(findTestObject("Object Repository/Amazon_Category_Search_OR/Page_Amazon.com/button_Continue shopping")): Object: 'Object Repository/Amazon_Category_Search_OR/Page_Amazon.com/button_Continue shopping' is clicked on

25-01-2024T17:18:42 - [MESSAGE][PASSED] - Object: 'Object Repository/Amazon_Category_Search_OR/Page_Amazon.com/button_Continue shopping' is clicked on

25-01-2024T17:18:42 - [TEST_STEP][PASSED] - click(findTestObject("Object Repository/Amazon_Category_Search_OR/Page_Amazon.com. Spend less. Smile more/span_Hello, sign in")): Object: 'Object Repository/Amazon_Category_Search_OR/Page_Amazon.com. Spend less. Smile more/span_Hello, sign in' is clicked on

25-01-2024T17:18:59 - [MESSAGE][PASSED] - Object: 'Object Repository/Amazon_Category_Search_OR/Page_Amazon.com. Spend less. Smile more/span_Hello, sign in' is clicked on

25-01-2024T17:18:59 - [TEST_STEP][PASSED] - click(findTestObject("Object Repository/Amazon_Category_Search_OR/Page_Amazon Sign-In/a_Create your Amazon account")): Object: 'Object Repository/Amazon_Category_Search_OR/Page_Amazon Sign-In/a_Create your Amazon account' is clicked on

25-01-2024T17:19:01 - [MESSAGE][PASSED] - Object: 'Object Repository/Amazon_Category_Search_OR/Page_Amazon Sign-In/a_Create your Amazon account' is clicked on

25-01-2024T17:19:01 - [TEST_STEP][PASSED] - setText(findTestObject("Object Repository/Amazon_Category_Search_OR/Page_Amazon Registration/input_customerName"), "Madhavi"): Text 'Madhavi' is set on object 'Object Repository/Amazon_Category_Search_OR/Page_Amazon Registration/input_customerName'

25-01-2024T17:19:03 - [MESSAGE][PASSED] - Text 'Madhavi' is set on object 'Object Repository/Amazon_Category_Search_OR/Page_Amazon Registration/input_customerName'

25-01-2024T17:19:03 - [TEST_STEP][PASSED] - setText(findTestObject("Object Repository/Amazon_Category_Search_OR/Page_Amazon Registration/input_email"), "madhumudedla.ms5@gmail.com"): Text 'madhumudedla.ms5@gmail.com' is set on object 'Object Repository/Amazon_Category_Search_OR/Page_Amazon Registration/input_email'

25-01-2024T17:19:03 - [MESSAGE][PASSED] - Text 'madhumudedla.ms5@gmail.com' is set on object 'Object Repository/Amazon_Category_Search_OR/Page_Amazon Registration/input_email'

25-01-2024T17:19:03 - [TEST_STEP][PASSED] - setEncryptedText(findTestObject("Object Repository/Amazon_Category_Search_OR/Page_Amazon Registration/input_password"), "E7HzuEZzy+zoR/HfJi0dbQ=="): Text ****** has been set on object 'Object Repository/Amazon_Category_Search_OR/Page_Amazon Registration/input_password'

25-01-2024T17:19:04 - [MESSAGE][PASSED] - Text ****** has been set on object 'Object Repository/Amazon_Category_Search_OR/Page_Amazon Registration/input_password'

25-01-2024T17:19:04 - [TEST_STEP][PASSED] - setEncryptedText(findTestObject("Object Repository/Amazon_Category_Search_OR/Page_Amazon Registration/input_passwordCheck"), "E7HzuEZzy+zoR/HfJi0dbQ=="): Text ****** has been set on object 'Object Repository/Amazon_Category_Search_OR/Page_Amazon Registration/input_passwordCheck'

25-01-2024T17:19:04 - [MESSAGE][PASSED] - Text ****** has been set on object 'Object Repository/Amazon_Category_Search_OR/Page_Amazon Registration/input_passwordCheck'

25-01-2024T17:19:04 - [TEST_STEP][PASSED] - click(findTestObject("Object Repository/Amazon_Category_Search_OR/Page_Amazon Registration/inputcontinue")): Object: 'Object Repository/Amazon_Category_Search_OR/Page_Amazon Registration/inputcontinue' is clicked on

25-01-2024T17:19:06 - [MESSAGE][PASSED] - Object: 'Object Repository/Amazon_Category_Search_OR/Page_Amazon Registration/inputcontinue' is clicked on

25-01-2024T17:19:06 - [TEST_STEP][PASSED] - closeBrowser(): Browser is closed

25-01-2024T17:19:07 - [MESSAGE][PASSED] - Browser is closed]]></system-out>
         <system-err><![CDATA[]]></system-err>
      </testcase>
      <testcase name="Test Cases/Amazon_Category_Search_Page/TC_Amazon_Home_001" time="42.958" classname="Test Cases/Amazon_Category_Search_Page/TC_Amazon_Home_001" status="PASSED">
         <system-out><![CDATA[25-01-2024T17:19:26 - [TEST_CASE][PASSED] - Test Cases/Amazon_Category_Search_Page/TC_Amazon_Home_001: Test Cases/Amazon_Category_Search_Page/TC_Amazon_Home_001

25-01-2024T17:19:26 - [TEST_STEP][PASSED] - openBrowser(""): Browser is opened with url: ''

25-01-2024T17:19:26 - [MESSAGE][WARNING] - A browser is already opened. Closing browser and opening a new one

25-01-2024T17:19:27 - [MESSAGE][INFO] - Starting 'Chrome' driver

25-01-2024T17:19:27 - [MESSAGE][INFO] - Action delay is set to 0 milliseconds

25-01-2024T17:19:27 - [MESSAGE][PASSED] - Browser is opened with url: ''

25-01-2024T17:19:27 - [TEST_STEP][PASSED] - navigateToUrl("https://www.amazon.com/"): Navigate to 'https://www.amazon.com/' successfully

25-01-2024T17:19:29 - [MESSAGE][PASSED] - Navigate to 'https://www.amazon.com/' successfully

25-01-2024T17:19:29 - [TEST_STEP][PASSED] - setText(findTestObject("Object Repository/Amazon_Category_Search_OR/Page_Amazon.com/input_field-keywords"), "AMBKUY"): Text 'AMBKUY' is set on object 'Object Repository/Amazon_Category_Search_OR/Page_Amazon.com/input_field-keywords'

25-01-2024T17:19:30 - [MESSAGE][PASSED] - Text 'AMBKUY' is set on object 'Object Repository/Amazon_Category_Search_OR/Page_Amazon.com/input_field-keywords'

25-01-2024T17:19:30 - [TEST_STEP][PASSED] - click(findTestObject("Object Repository/Amazon_Category_Search_OR/Page_Amazon.com/button_Continue shopping")): Object: 'Object Repository/Amazon_Category_Search_OR/Page_Amazon.com/button_Continue shopping' is clicked on

25-01-2024T17:19:31 - [MESSAGE][PASSED] - Object: 'Object Repository/Amazon_Category_Search_OR/Page_Amazon.com/button_Continue shopping' is clicked on

25-01-2024T17:19:31 - [TEST_STEP][PASSED] - selectOptionByValue(findTestObject("Object Repository/Amazon_Category_Search_OR/Page_Amazon.com. Spend less. Smile more/select_All Departments        Arts  Crafts _135c92"), "search-alias=baby-products-intl-ship", true): All options with value 'search-alias=baby-products-intl-ship' are selected in object 'Object Repository/Amazon_Category_Search_OR/Page_Amazon.com. Spend less. Smile more/select_All Departments        Arts  Crafts _135c92'  using regular expression

25-01-2024T17:19:41 - [MESSAGE][PASSED] - All options with value 'search-alias=baby-products-intl-ship' are selected in object 'Object Repository/Amazon_Category_Search_OR/Page_Amazon.com. Spend less. Smile more/select_All Departments        Arts  Crafts _135c92'  using regular expression

25-01-2024T17:19:41 - [TEST_STEP][PASSED] - setText(findTestObject("Object Repository/Amazon_Category_Search_OR/Page_Amazon.com. Spend less. Smile more/input_field-keywords"), "Walkers"): Text 'Walkers' is set on object 'Object Repository/Amazon_Category_Search_OR/Page_Amazon.com. Spend less. Smile more/input_field-keywords'

25-01-2024T17:19:42 - [MESSAGE][PASSED] - Text 'Walkers' is set on object 'Object Repository/Amazon_Category_Search_OR/Page_Amazon.com. Spend less. Smile more/input_field-keywords'

25-01-2024T17:19:42 - [TEST_STEP][PASSED] - click(findTestObject("Object Repository/Amazon_Category_Search_OR/Page_Amazon.com. Spend less. Smile more/inputnav-search-submit-button")): Object: 'Object Repository/Amazon_Category_Search_OR/Page_Amazon.com. Spend less. Smile more/inputnav-search-submit-button' is clicked on

25-01-2024T17:20:09 - [MESSAGE][PASSED] - Object: 'Object Repository/Amazon_Category_Search_OR/Page_Amazon.com. Spend less. Smile more/inputnav-search-submit-button' is clicked on

25-01-2024T17:20:09 - [TEST_STEP][PASSED] - closeBrowser(): Browser is closed

25-01-2024T17:20:09 - [MESSAGE][PASSED] - Browser is closed]]></system-out>
         <system-err><![CDATA[]]></system-err>
      </testcase>
      <testcase name="Test Cases/Amazon_Category_Search_Page/TC_Amazon_Home_003" time="27.722" classname="Test Cases/Amazon_Category_Search_Page/TC_Amazon_Home_003" status="PASSED">
         <system-out><![CDATA[25-01-2024T17:20:09 - [TEST_CASE][PASSED] - Test Cases/Amazon_Category_Search_Page/TC_Amazon_Home_003: Test Cases/Amazon_Category_Search_Page/TC_Amazon_Home_003

25-01-2024T17:20:09 - [TEST_STEP][PASSED] - openBrowser(""): Browser is opened with url: ''

25-01-2024T17:20:09 - [MESSAGE][INFO] - Starting 'Chrome' driver

25-01-2024T17:20:09 - [MESSAGE][INFO] - Action delay is set to 0 milliseconds

25-01-2024T17:20:10 - [MESSAGE][PASSED] - Browser is opened with url: ''

25-01-2024T17:20:10 - [TEST_STEP][PASSED] - maximizeWindow(): Current window maximized

25-01-2024T17:20:10 - [MESSAGE][PASSED] - Current window maximized

25-01-2024T17:20:10 - [TEST_STEP][PASSED] - navigateToUrl("https://www.amazon.com/"): Navigate to 'https://www.amazon.com/' successfully

25-01-2024T17:20:13 - [MESSAGE][PASSED] - Navigate to 'https://www.amazon.com/' successfully

25-01-2024T17:20:13 - [TEST_STEP][PASSED] - setText(findTestObject("Object Repository/Amazon_Category_Search_OR/Page_Amazon.com/input_field-keywords"), "FUNFYY"): Text 'FUNFYY' is set on object 'Object Repository/Amazon_Category_Search_OR/Page_Amazon.com/input_field-keywords'

25-01-2024T17:20:14 - [MESSAGE][PASSED] - Text 'FUNFYY' is set on object 'Object Repository/Amazon_Category_Search_OR/Page_Amazon.com/input_field-keywords'

25-01-2024T17:20:14 - [TEST_STEP][PASSED] - click(findTestObject("Object Repository/Amazon_Category_Search_OR/Page_Amazon.com/button_Continue shopping")): Object: 'Object Repository/Amazon_Category_Search_OR/Page_Amazon.com/button_Continue shopping' is clicked on

25-01-2024T17:20:15 - [MESSAGE][PASSED] - Object: 'Object Repository/Amazon_Category_Search_OR/Page_Amazon.com/button_Continue shopping' is clicked on

25-01-2024T17:20:15 - [TEST_STEP][PASSED] - selectOptionByValue(findTestObject("Object Repository/Amazon_Category_Search_OR/Page_Amazon.com. Spend less. Smile more/select_All Departments        Arts  Crafts _135c92"), "search-alias=stripbooks-intl-ship", true): All options with value 'search-alias=stripbooks-intl-ship' are selected in object 'Object Repository/Amazon_Category_Search_OR/Page_Amazon.com. Spend less. Smile more/select_All Departments        Arts  Crafts _135c92'  using regular expression

25-01-2024T17:20:25 - [MESSAGE][PASSED] - All options with value 'search-alias=stripbooks-intl-ship' are selected in object 'Object Repository/Amazon_Category_Search_OR/Page_Amazon.com. Spend less. Smile more/select_All Departments        Arts  Crafts _135c92'  using regular expression

25-01-2024T17:20:25 - [TEST_STEP][PASSED] - setText(findTestObject("Object Repository/Amazon_Category_Search_OR/Page_Amazon.com. Spend less. Smile more/input_field-keywords"), "Da vinci code"): Text 'Da vinci code' is set on object 'Object Repository/Amazon_Category_Search_OR/Page_Amazon.com. Spend less. Smile more/input_field-keywords'

25-01-2024T17:20:27 - [MESSAGE][PASSED] - Text 'Da vinci code' is set on object 'Object Repository/Amazon_Category_Search_OR/Page_Amazon.com. Spend less. Smile more/input_field-keywords'

25-01-2024T17:20:27 - [TEST_STEP][PASSED] - click(findTestObject("Object Repository/Amazon_Category_Search_OR/Page_Amazon.com. Spend less. Smile more/inputnav-search-submit-button")): Object: 'Object Repository/Amazon_Category_Search_OR/Page_Amazon.com. Spend less. Smile more/inputnav-search-submit-button' is clicked on

25-01-2024T17:20:37 - [MESSAGE][PASSED] - Object: 'Object Repository/Amazon_Category_Search_OR/Page_Amazon.com. Spend less. Smile more/inputnav-search-submit-button' is clicked on

25-01-2024T17:20:37 - [TEST_STEP][PASSED] - closeBrowser(): Browser is closed

25-01-2024T17:20:37 - [MESSAGE][PASSED] - Browser is closed]]></system-out>
         <system-err><![CDATA[]]></system-err>
      </testcase>
      <system-out><![CDATA[25-01-2024T17:18:35 - [TEST_SUITE][FAILED] - TS_Amazon_CategorySearch_002: Test Cases/Amazon_Category_Search_Page/TC_Amazon_Home_001 FAILED.
Reason:
com.kms.katalon.core.exception.StepFailedException: Unable to select option by value 'search-alias=baby-products-intl-ship' of object 'Object Repository/Amazon_Category_Search_OR/Page_Amazon.com. Spend less. Smile more/select_All Departments        Arts  Crafts _135c92'  using regular expression
	at com.kms.katalon.core.webui.keyword.internal.WebUIKeywordMain.stepFailed(WebUIKeywordMain.groovy:64)
	at com.kms.katalon.core.webui.keyword.internal.WebUIKeywordMain.runKeyword(WebUIKeywordMain.groovy:26)
	at com.kms.katalon.core.webui.keyword.builtin.SelectOptionByValueKeyword.selectOptionByValue(SelectOptionByValueKeyword.groovy:99)
	at com.kms.katalon.core.webui.keyword.builtin.SelectOptionByValueKeyword.execute(SelectOptionByValueKeyword.groovy:71)
	at com.kms.katalon.core.keyword.internal.KeywordExecutor.executeKeywordForPlatform(KeywordExecutor.groovy:74)
	at com.kms.katalon.core.webui.keyword.WebUiBuiltInKeywords.selectOptionByValue(WebUiBuiltInKeywords.groovy:1207)
	at TC_Amazon_Home_001.run(TC_Amazon_Home_001:28)
	at com.kms.katalon.core.main.ScriptEngine.run(ScriptEngine.java:194)
	at com.kms.katalon.core.main.ScriptEngine.runScriptAsRawText(ScriptEngine.java:119)
	at com.kms.katalon.core.main.TestCaseExecutor.runScript(TestCaseExecutor.java:448)
	at com.kms.katalon.core.main.TestCaseExecutor.doExecute(TestCaseExecutor.java:439)
	at com.kms.katalon.core.main.TestCaseExecutor.processExecutionPhase(TestCaseExecutor.java:418)
	at com.kms.katalon.core.main.TestCaseExecutor.accessMainPhase(TestCaseExecutor.java:410)
	at com.kms.katalon.core.main.TestCaseExecutor.execute(TestCaseExecutor.java:285)
	at com.kms.katalon.core.common.CommonExecutor.accessTestCaseMainPhase(CommonExecutor.java:65)
	at com.kms.katalon.core.main.TestSuiteExecutor.accessTestSuiteMainPhase(TestSuiteExecutor.java:148)
	at com.kms.katalon.core.main.TestSuiteExecutor.execute(TestSuiteExecutor.java:106)
	at com.kms.katalon.core.main.TestCaseMain.startTestSuite(TestCaseMain.java:180)
	at TempTestSuite1706183308033.run(TempTestSuite1706183308033.groovy:36)
	at java.base/jdk.internal.reflect.NativeMethodAccessorImpl.invoke0(Native Method)
	at java.base/jdk.internal.reflect.NativeMethodAccessorImpl.invoke(NativeMethodAccessorImpl.java:77)
	at java.base/jdk.internal.reflect.DelegatingMethodAccessorImpl.invoke(DelegatingMethodAccessorImpl.java:43)
Caused by: com.kms.katalon.core.exception.StepFailedException: No option matched.
	at com.kms.katalon.core.keyword.internal.KeywordMain.stepFailed(KeywordMain.groovy:51)
	at com.kms.katalon.core.keyword.internal.KeywordMain.stepFailed(KeywordMain.groovy)
	at com.kms.katalon.core.keyword.internal.KeywordMain.stepFailed(KeywordMain.groovy:23)
	at com.kms.katalon.core.webui.keyword.builtin.SelectOptionByValueKeyword$_selectOptionByValue_closure1.doCall(SelectOptionByValueKeyword.groovy:92)
	at com.kms.katalon.core.webui.keyword.builtin.SelectOptionByValueKeyword$_selectOptionByValue_closure1.call(SelectOptionByValueKeyword.groovy)
	at com.kms.katalon.core.webui.keyword.internal.WebUIKeywordMain.runKeyword(WebUIKeywordMain.groovy:20)
	... 20 more]]></system-out>
      <system-err><![CDATA[25-01-2024T17:18:35 - [TEST_SUITE][FAILED] - TS_Amazon_CategorySearch_002: Test Cases/Amazon_Category_Search_Page/TC_Amazon_Home_001 FAILED.
Reason:
com.kms.katalon.core.exception.StepFailedException: Unable to select option by value 'search-alias=baby-products-intl-ship' of object 'Object Repository/Amazon_Category_Search_OR/Page_Amazon.com. Spend less. Smile more/select_All Departments        Arts  Crafts _135c92'  using regular expression
	at com.kms.katalon.core.webui.keyword.internal.WebUIKeywordMain.stepFailed(WebUIKeywordMain.groovy:64)
	at com.kms.katalon.core.webui.keyword.internal.WebUIKeywordMain.runKeyword(WebUIKeywordMain.groovy:26)
	at com.kms.katalon.core.webui.keyword.builtin.SelectOptionByValueKeyword.selectOptionByValue(SelectOptionByValueKeyword.groovy:99)
	at com.kms.katalon.core.webui.keyword.builtin.SelectOptionByValueKeyword.execute(SelectOptionByValueKeyword.groovy:71)
	at com.kms.katalon.core.keyword.internal.KeywordExecutor.executeKeywordForPlatform(KeywordExecutor.groovy:74)
	at com.kms.katalon.core.webui.keyword.WebUiBuiltInKeywords.selectOptionByValue(WebUiBuiltInKeywords.groovy:1207)
	at TC_Amazon_Home_001.run(TC_Amazon_Home_001:28)
	at com.kms.katalon.core.main.ScriptEngine.run(ScriptEngine.java:194)
	at com.kms.katalon.core.main.ScriptEngine.runScriptAsRawText(ScriptEngine.java:119)
	at com.kms.katalon.core.main.TestCaseExecutor.runScript(TestCaseExecutor.java:448)
	at com.kms.katalon.core.main.TestCaseExecutor.doExecute(TestCaseExecutor.java:439)
	at com.kms.katalon.core.main.TestCaseExecutor.processExecutionPhase(TestCaseExecutor.java:418)
	at com.kms.katalon.core.main.TestCaseExecutor.accessMainPhase(TestCaseExecutor.java:410)
	at com.kms.katalon.core.main.TestCaseExecutor.execute(TestCaseExecutor.java:285)
	at com.kms.katalon.core.common.CommonExecutor.accessTestCaseMainPhase(CommonExecutor.java:65)
	at com.kms.katalon.core.main.TestSuiteExecutor.accessTestSuiteMainPhase(TestSuiteExecutor.java:148)
	at com.kms.katalon.core.main.TestSuiteExecutor.execute(TestSuiteExecutor.java:106)
	at com.kms.katalon.core.main.TestCaseMain.startTestSuite(TestCaseMain.java:180)
	at TempTestSuite1706183308033.run(TempTestSuite1706183308033.groovy:36)
	at java.base/jdk.internal.reflect.NativeMethodAccessorImpl.invoke0(Native Method)
	at java.base/jdk.internal.reflect.NativeMethodAccessorImpl.invoke(NativeMethodAccessorImpl.java:77)
	at java.base/jdk.internal.reflect.DelegatingMethodAccessorImpl.invoke(DelegatingMethodAccessorImpl.java:43)
Caused by: com.kms.katalon.core.exception.StepFailedException: No option matched.
	at com.kms.katalon.core.keyword.internal.KeywordMain.stepFailed(KeywordMain.groovy:51)
	at com.kms.katalon.core.keyword.internal.KeywordMain.stepFailed(KeywordMain.groovy)
	at com.kms.katalon.core.keyword.internal.KeywordMain.stepFailed(KeywordMain.groovy:23)
	at com.kms.katalon.core.webui.keyword.builtin.SelectOptionByValueKeyword$_selectOptionByValue_closure1.doCall(SelectOptionByValueKeyword.groovy:92)
	at com.kms.katalon.core.webui.keyword.builtin.SelectOptionByValueKeyword$_selectOptionByValue_closure1.call(SelectOptionByValueKeyword.groovy)
	at com.kms.katalon.core.webui.keyword.internal.WebUIKeywordMain.runKeyword(WebUIKeywordMain.groovy:20)
	... 20 more]]></system-err>
   </testsuite>
</testsuites>
